<?xml version="1.0" encoding="UTF-8"?>
<testng-results ignored="0" total="1" passed="1" failed="0" skipped="0">
  <reporter-output>
  </reporter-output>
  <suite started-at="2018-12-07T07:36:02Z" name="Default suite" finished-at="2018-12-07T07:36:32Z" duration-ms="29499">
    <groups>
    </groups>
    <test started-at="2018-12-07T07:36:02Z" name="Default test" finished-at="2018-12-07T07:36:32Z" duration-ms="29499">
      <class name="com.orion.automation.ApplicationTestCases.companytestcase">
        <test-method is-config="true" signature="setupTestSuite()[pri:0, instance:com.orion.automation.ApplicationTestCases.companytestcase@550dbc7a]" started-at="2018-12-07T07:36:02Z" name="setupTestSuite" finished-at="2018-12-07T07:36:02Z" duration-ms="147" status="PASS">
          <reporter-output>
          </reporter-output>
        </test-method> <!-- setupTestSuite -->
        <test-method is-config="true" signature="startTest()[pri:0, instance:com.orion.automation.ApplicationTestCases.companytestcase@550dbc7a]" started-at="2018-12-07T07:36:02Z" name="startTest" finished-at="2018-12-07T07:36:12Z" duration-ms="10287" status="PASS">
          <reporter-output>
          </reporter-output>
        </test-method> <!-- startTest -->
        <test-method signature="company()[pri:0, instance:com.orion.automation.ApplicationTestCases.companytestcase@550dbc7a]" started-at="2018-12-07T07:36:12Z" name="company" finished-at="2018-12-07T07:36:30Z" duration-ms="18041" status="PASS">
          <reporter-output>
          </reporter-output>
        </test-method> <!-- company -->
        <test-method is-config="true" signature="endLogger(org.testng.ITestResult)[pri:0, instance:com.orion.automation.ApplicationTestCases.companytestcase@550dbc7a]" started-at="2018-12-07T07:36:30Z" name="endLogger" finished-at="2018-12-07T07:36:30Z" duration-ms="4" status="PASS">
          <params>
            <param index="0">
              <value>
                <![CDATA[[TestResult name=company status=SUCCESS method=companytestcase.company()[pri:0, instance:com.orion.automation.ApplicationTestCases.companytestcase@550dbc7a] output={null}]]]>
              </value>
            </param>
          </params>
          <reporter-output>
          </reporter-output>
        </test-method> <!-- endLogger -->
        <test-method is-config="true" signature="endTest()[pri:0, instance:com.orion.automation.ApplicationTestCases.companytestcase@550dbc7a]" started-at="2018-12-07T07:36:30Z" name="endTest" finished-at="2018-12-07T07:36:32Z" duration-ms="1152" status="PASS">
          <reporter-output>
          </reporter-output>
        </test-method> <!-- endTest -->
        <test-method is-config="true" signature="tearDownTestSuite()[pri:0, instance:com.orion.automation.ApplicationTestCases.companytestcase@550dbc7a]" started-at="2018-12-07T07:36:32Z" name="tearDownTestSuite" finished-at="2018-12-07T07:36:32Z" duration-ms="164" status="PASS">
          <reporter-output>
          </reporter-output>
        </test-method> <!-- tearDownTestSuite -->
      </class> <!-- com.orion.automation.ApplicationTestCases.companytestcase -->
    </test> <!-- Default test -->
  </suite> <!-- Default suite -->
</testng-results>
