<?xml version="1.0" encoding="UTF-8"?>
<testng-results skipped="0" failed="0" ignored="0" total="1" passed="1">
  <reporter-output>
  </reporter-output>
  <suite name="Default suite" duration-ms="6653" started-at="2019-01-04T09:58:51Z" finished-at="2019-01-04T09:58:58Z">
    <groups>
    </groups>
    <test name="Default test" duration-ms="6653" started-at="2019-01-04T09:58:51Z" finished-at="2019-01-04T09:58:58Z">
      <class name="testing.testcase">
        <test-method status="PASS" signature="setup()[pri:0, instance:testing.testcase@4d3167f4]" name="setup" is-config="true" duration-ms="3811" started-at="2019-01-04T09:58:51Z" finished-at="2019-01-04T09:58:55Z">
          <reporter-output>
          </reporter-output>
        </test-method> <!-- setup -->
        <test-method status="PASS" signature="prime(java.lang.String, java.lang.String)[pri:0, instance:testing.testcase@4d3167f4]" name="prime" duration-ms="2472" started-at="2019-01-04T09:58:56Z" data-provider="getDataExcel" finished-at="2019-01-04T09:58:58Z">
          <params>
            <param index="0">
              <value>
                <![CDATA[Admin]]>
              </value>
            </param>
            <param index="1">
              <value>
                <![CDATA[Admin]]>
              </value>
            </param>
          </params>
          <reporter-output>
          </reporter-output>
        </test-method> <!-- prime -->
      </class> <!-- testing.testcase -->
    </test> <!-- Default test -->
  </suite> <!-- Default suite -->
</testng-results>
