<?xml version="1.0" encoding="UTF-8"?>
<!-- Generated by org.testng.reporters.JUnitXMLReporter -->
<testsuite hostname="Rajeshk" ignored="0" name="Default test" tests="6" failures="0" timestamp="15 Feb 2019 12:36:23 GMT" time="124.77" errors="0">
  <testcase name="login" time="21.854" classname="mavenproject.applicationpages"/>
  <testcase name="login" time="20.72" classname="mavenproject.applicationpages"/>
  <testcase name="login" time="20.269" classname="mavenproject.applicationpages"/>
  <testcase name="login" time="20.521" classname="mavenproject.applicationpages"/>
  <testcase name="login" time="20.747" classname="mavenproject.applicationpages"/>
  <testcase name="login" time="20.285" classname="mavenproject.applicationpages"/>
</testsuite> <!-- Default test -->
